Performing C SOURCE FILE Test CMAKE_HAVE_LIBC_PTHREAD failed with the following output:
Change Dir: /home/donghaosen/donghaosen/ops2023/aitisa_api/build/CMakeFiles/CMakeScratch/TryCompile-Re65kD

Run Build Command(s):/usr/bin/gmake -f Makefile cmTC_645f1/fast && /usr/bin/gmake  -f CMakeFiles/cmTC_645f1.dir/build.make CMakeFiles/cmTC_645f1.dir/build
gmake[1]: Entering directory `/mnt/sdb/home/donghaosen/ops2023/aitisa_api/build/CMakeFiles/CMakeScratch/TryCompile-Re65kD'
Building C object CMakeFiles/cmTC_645f1.dir/src.c.o
/usr/bin/cc -DCMAKE_HAVE_LIBC_PTHREAD   -o CMakeFiles/cmTC_645f1.dir/src.c.o -c /home/donghaosen/donghaosen/ops2023/aitisa_api/build/CMakeFiles/CMakeScratch/TryCompile-Re65kD/src.c
Linking C executable cmTC_645f1
/mnt/sdb/home/donghaosen/apps/cmake-3.25.1-linux-x86_64/bin/cmake -E cmake_link_script CMakeFiles/cmTC_645f1.dir/link.txt --verbose=1
/usr/bin/cc -rdynamic CMakeFiles/cmTC_645f1.dir/src.c.o -o cmTC_645f1 
CMakeFiles/cmTC_645f1.dir/src.c.o: In function `main':
src.c:(.text+0x2d): undefined reference to `pthread_create'
src.c:(.text+0x39): undefined reference to `pthread_detach'
src.c:(.text+0x45): undefined reference to `pthread_cancel'
src.c:(.text+0x56): undefined reference to `pthread_join'
src.c:(.text+0x6a): undefined reference to `pthread_atfork'
collect2: error: ld returned 1 exit status
gmake[1]: *** [cmTC_645f1] Error 1
gmake[1]: Leaving directory `/mnt/sdb/home/donghaosen/ops2023/aitisa_api/build/CMakeFiles/CMakeScratch/TryCompile-Re65kD'
gmake: *** [cmTC_645f1/fast] Error 2


Source file was:
#include <pthread.h>

static void* test_func(void* data)
{
  return data;
}

int main(void)
{
  pthread_t thread;
  pthread_create(&thread, NULL, test_func, NULL);
  pthread_detach(thread);
  pthread_cancel(thread);
  pthread_join(thread, NULL);
  pthread_atfork(NULL, NULL, NULL);
  pthread_exit(NULL);

  return 0;
}


